<?xml version="1.0" encoding="UTF-8"?>
<!-- Generated by org.testng.reporters.JUnitReportReporter -->
<testsuite skipped="0" hostname="premalathas-MacBook-Air.local" name="runner.Runner" tests="1" failures="0" timestamp="04 Nov 2019 12:20:23 GMT" time="13.594" errors="0">
  <testcase name="feature" time="13.594" classname="runner.Runner"/>
</testsuite> <!-- runner.Runner -->
